Build started 07.02.2013 22:00:49.
     1>Project "B:\Projects\scrollshooter\scrollshooter\scrollshooter.vcxproj" on node 2 (build target(s)).
     1>InitializeBuildStatus:
         Creating "B:\Projects\scrollshooter\scrollshooter\Build\Debug\scrollshooter\scrollshooter.unsuccessfulbuild" because "AlwaysCreate" was specified.
       ClCompile:
         All outputs are up-to-date.
         C:\Program Files\Microsoft Visual Studio 10.0\VC\bin\CL.exe /c /I"B:\Source\External-VC10Precompiled-static-mt-Win32\lib\Win32" /I"B:\Source\External-VC10Precompiled-static-mt-Win32\include" /IB:\Source\ClanLib\lib\Win32 /IB:\Source\ClanLib\include /Zi /nologo /W3 /WX- /MP /Od /Oy- /D WIN32 /D _WINDOWS /D WINVER=0x0601 /D _WIN32_WINNT=0x0601 /D _WIN32_IE=0x0900 /D UNICODE /Gm- /EHsc /MTd /GS /arch:SSE2 /fp:precise /Zc:wchar_t /Zc:forScope /Yu"precomp.h" /Fp"B:\Projects\scrollshooter\scrollshooter\Build\Debug\scrollshooter\scrollshooter.pch" /Fo"B:\Projects\scrollshooter\scrollshooter\Build\Debug\scrollshooter\\" /Fd"B:\Projects\scrollshooter\scrollshooter\Build\Debug\scrollshooter.pdb" /Gd /TP /analyze- /errorReport:prompt ScrollShooter.cpp
         ScrollShooter.cpp
       ManifestResourceCompile:
         All outputs are up-to-date.
       Link:
         C:\Program Files\Microsoft Visual Studio 10.0\VC\bin\link.exe /ERRORREPORT:PROMPT /OUT:"B:\Projects\scrollshooter\scrollshooter\Build\Debug\scrollshooter.exe" /INCREMENTAL /NOLOGO kernel32.lib user32.lib gdi32.lib winspool.lib comdlg32.lib advapi32.lib shell32.lib ole32.lib oleaut32.lib uuid.lib odbc32.lib odbccp32.lib /MANIFEST /ManifestFile:"B:\Projects\scrollshooter\scrollshooter\Build\Debug\scrollshooter\scrollshooter.exe.intermediate.manifest" /MANIFESTUAC:"level='asInvoker' uiAccess='false'" /DEBUG /PDB:"B:\Projects\scrollshooter\scrollshooter\Build\Debug\scrollshooter.pdb" /SUBSYSTEM:WINDOWS /TLBID:1 /DYNAMICBASE /NXCOMPAT /IMPLIB:"B:\Projects\scrollshooter\scrollshooter\Build\Debug\scrollshooter.lib" /MACHINE:X86 B:\Projects\scrollshooter\scrollshooter\Build\Debug\scrollshooter\scrollshooter.exe.embed.manifest.res
         B:\Projects\scrollshooter\scrollshooter\Build\Debug\scrollshooter\precomp.obj
         B:\Projects\scrollshooter\scrollshooter\Build\Debug\scrollshooter\ScrollShooter.obj
       Manifest:
         C:\Program Files\Microsoft SDKs\Windows\v7.0A\bin\mt.exe /nologo /verbose /out:"B:\Projects\scrollshooter\scrollshooter\Build\Debug\scrollshooter\scrollshooter.exe.embed.manifest" /manifest B:\Projects\scrollshooter\scrollshooter\Build\Debug\scrollshooter\scrollshooter.exe.intermediate.manifest
         All outputs are up-to-date.
       LinkEmbedManifest:
         All outputs are up-to-date.
         scrollshooter.vcxproj -> B:\Projects\scrollshooter\scrollshooter\Build\Debug\scrollshooter.exe
       FinalizeBuildStatus:
         Deleting file "B:\Projects\scrollshooter\scrollshooter\Build\Debug\scrollshooter\scrollshooter.unsuccessfulbuild".
         Touching "B:\Projects\scrollshooter\scrollshooter\Build\Debug\scrollshooter\scrollshooter.lastbuildstate".
     1>Done Building Project "B:\Projects\scrollshooter\scrollshooter\scrollshooter.vcxproj" (build target(s)).

Build succeeded.

Time Elapsed 00:00:17.51
